Status Web: Web Console server running at http://172.31.51.191:9091 (others can connect)
Hibernate: create table Comentario (Id_Comentario varchar(255) generated by default as identity, Comentario varchar(255), Fecha timestamp, producto_id varchar(255), primary key (Id_Comentario))
Hibernate: create table Producto (id varchar(255) generated by default as identity, Descripcion varchar(255), nombre varchar(255), precio decimal(19,2), primary key (id))
Hibernate: create table Producto_fotoList (Producto_id varchar(255) not null, fotoBase64 clob, mimeType varchar(255), nombre varchar(255))
Hibernate: create table Usuario (usuario varchar(255) not null, password varchar(255), primary key (usuario))
Hibernate: create table Venta_producto (id varchar(255) generated by default as identity, fecha_Compra timestamp, nombre_Cliente varchar(255), primary key (id))
Hibernate: create table VentasProductos_listaProducto (VentasProductos_id varchar(255) not null, Cantidad integer, cant_Total decimal(19,2), nombre varchar(255), precio decimal(19,2))
Hibernate: alter table Comentario add constraint FKny3jef4304cs7s1qvvu7c612y foreign key (producto_id) references Producto
Hibernate: alter table Producto_fotoList add constraint FK2okrhd9igfweisuglbaj2mq1p foreign key (Producto_id) references Producto
Hibernate: alter table VentasProductos_listaProducto add constraint FKdkuj6qx18hq60j2lw1kqc2wbx foreign key (VentasProductos_id) references Venta_producto
Hibernate: select producto0_.id as id1_1_0_, producto0_.Descripcion as descripc2_1_0_, producto0_.nombre as nombre3_1_0_, producto0_.precio as precio4_1_0_, fotolist1_.Producto_id as producto1_2_1_, fotolist1_.fotoBase64 as fotoBase2_2_1_, fotolist1_.mimeType as mimetype3_2_1_, fotolist1_.nombre as nombre4_2_1_ from Producto producto0_ left outer join Producto_fotoList fotolist1_ on producto0_.id=fotolist1_.Producto_id where producto0_.id=?
La busqueda ha sidoe existosa!
Hibernate: insert into Usuario (password, usuario) values (?, ?)
Hibernate: SELECT * FROM Producto limit ?
Hibernate: select count(producto0_.id) as col_0_0_ from Producto producto0_
Hibernate: SELECT * FROM Producto limit ?
Hibernate: select count(producto0_.id) as col_0_0_ from Producto producto0_
Hibernate: SELECT * FROM Producto limit ?
Hibernate: select count(producto0_.id) as col_0_0_ from Producto producto0_
Hibernate: SELECT * FROM Producto limit ?
Hibernate: select count(producto0_.id) as col_0_0_ from Producto producto0_
Hibernate: select usuario0_.usuario as usuario1_3_0_, usuario0_.password as password2_3_0_ from Usuario usuario0_ where usuario0_.usuario=?
La busqueda ha sidoe existosa!
Creando cookie...

Entrando a inciar sesion
Entrando a before
Hibernate: select producto0_.id as id1_1_, producto0_.Descripcion as descripc2_1_, producto0_.nombre as nombre3_1_, producto0_.precio as precio4_1_ from Producto producto0_
Dell
 ENTRANDO A METODO PARA CARGAR IMAGENES.... 

Hibernate: insert into Producto (id, Descripcion, nombre, precio) values (null, ?, ?, ?)
Hibernate: insert into Producto_fotoList (Producto_id, fotoBase64, mimeType, nombre) values (?, ?, ?, ?)
Entrando a before
Hibernate: select producto0_.id as id1_1_, producto0_.Descripcion as descripc2_1_, producto0_.nombre as nombre3_1_, producto0_.precio as precio4_1_ from Producto producto0_
Hibernate: select fotolist0_.Producto_id as producto1_2_0_, fotolist0_.fotoBase64 as fotoBase2_2_0_, fotolist0_.mimeType as mimetype3_2_0_, fotolist0_.nombre as nombre4_2_0_ from Producto_fotoList fotolist0_ where fotolist0_.Producto_id=?
Hibernate: SELECT * FROM Producto limit ?
Hibernate: select fotolist0_.Producto_id as producto1_2_0_, fotolist0_.fotoBase64 as fotoBase2_2_0_, fotolist0_.mimeType as mimetype3_2_0_, fotolist0_.nombre as nombre4_2_0_ from Producto_fotoList fotolist0_ where fotolist0_.Producto_id=?
Hibernate: select count(producto0_.id) as col_0_0_ from Producto producto0_
El tipo de datos recibido: nullMatricula:1
Se quiere ver los detalles de 1
Hibernate: select producto0_.id as id1_1_0_, producto0_.Descripcion as descripc2_1_0_, producto0_.nombre as nombre3_1_0_, producto0_.precio as precio4_1_0_, fotolist1_.Producto_id as producto1_2_1_, fotolist1_.fotoBase64 as fotoBase2_2_1_, fotolist1_.mimeType as mimetype3_2_1_, fotolist1_.nombre as nombre4_2_1_ from Producto producto0_ left outer join Producto_fotoList fotolist1_ on producto0_.id=fotolist1_.Producto_id where producto0_.id=?
La busqueda ha sidoe existosa!
LA CANTIDAD DE IAMGENES ES: 1
Hibernate: select producto0_.id as id1_1_0_, producto0_.Descripcion as descripc2_1_0_, producto0_.nombre as nombre3_1_0_, producto0_.precio as precio4_1_0_, fotolist1_.Producto_id as producto1_2_1_, fotolist1_.fotoBase64 as fotoBase2_2_1_, fotolist1_.mimeType as mimetype3_2_1_, fotolist1_.nombre as nombre4_2_1_ from Producto producto0_ left outer join Producto_fotoList fotolist1_ on producto0_.id=fotolist1_.Producto_id where producto0_.id=?
La busqueda ha sidoe existosa!
Hibernate: select * from Comentario  WHERE Comentario.PRODUCTO_ID LIKE ?
Hibernate: select producto0_.id as id1_1_0_, producto0_.Descripcion as descripc2_1_0_, producto0_.nombre as nombre3_1_0_, producto0_.precio as precio4_1_0_, fotolist1_.Producto_id as producto1_2_1_, fotolist1_.fotoBase64 as fotoBase2_2_1_, fotolist1_.mimeType as mimetype3_2_1_, fotolist1_.nombre as nombre4_2_1_ from Producto producto0_ left outer join Producto_fotoList fotolist1_ on producto0_.id=fotolist1_.Producto_id where producto0_.id=?
La busqueda ha sidoe existosa!
Hibernate: select producto0_.id as id1_1_0_, producto0_.Descripcion as descripc2_1_0_, producto0_.nombre as nombre3_1_0_, producto0_.precio as precio4_1_0_, fotolist1_.Producto_id as producto1_2_1_, fotolist1_.fotoBase64 as fotoBase2_2_1_, fotolist1_.mimeType as mimetype3_2_1_, fotolist1_.nombre as nombre4_2_1_ from Producto producto0_ left outer join Producto_fotoList fotolist1_ on producto0_.id=fotolist1_.Producto_id where producto0_.id=?
La busqueda ha sidoe existosa!
Hibernate: insert into Comentario (Id_Comentario, Comentario, Fecha, producto_id) values (null, ?, ?, ?)
Hibernate: select producto0_.id as id1_1_0_, producto0_.Descripcion as descripc2_1_0_, producto0_.nombre as nombre3_1_0_, producto0_.precio as precio4_1_0_, fotolist1_.Producto_id as producto1_2_1_, fotolist1_.fotoBase64 as fotoBase2_2_1_, fotolist1_.mimeType as mimetype3_2_1_, fotolist1_.nombre as nombre4_2_1_ from Producto producto0_ left outer join Producto_fotoList fotolist1_ on producto0_.id=fotolist1_.Producto_id where producto0_.id=?
La busqueda ha sidoe existosa!
Hibernate: select * from Comentario  WHERE Comentario.PRODUCTO_ID LIKE ?
Hibernate: select producto0_.id as id1_1_0_, producto0_.Descripcion as descripc2_1_0_, producto0_.nombre as nombre3_1_0_, producto0_.precio as precio4_1_0_, fotolist1_.Producto_id as producto1_2_1_, fotolist1_.fotoBase64 as fotoBase2_2_1_, fotolist1_.mimeType as mimetype3_2_1_, fotolist1_.nombre as nombre4_2_1_ from Producto producto0_ left outer join Producto_fotoList fotolist1_ on producto0_.id=fotolist1_.Producto_id where producto0_.id=?
Hibernate: select usuario0_.usuario as usuario1_3_0_, usuario0_.password as password2_3_0_ from Usuario usuario0_ where usuario0_.usuario=?
La busqueda ha sidoe existosa!
No se pudo  autentificar el usuario de forma correcta! 


 Usuario no encontrado. Revise su nombre  de usuario y su passwordEntrando a inciar sesion
Hibernate: select usuario0_.usuario as usuario1_3_0_, usuario0_.password as password2_3_0_ from Usuario usuario0_ where usuario0_.usuario=?
La busqueda ha sidoe existosa!
Entrando a inciar sesion
Entrando a before
Hibernate: select producto0_.id as id1_1_, producto0_.Descripcion as descripc2_1_, producto0_.nombre as nombre3_1_, producto0_.precio as precio4_1_ from Producto producto0_
Hibernate: select fotolist0_.Producto_id as producto1_2_0_, fotolist0_.fotoBase64 as fotoBase2_2_0_, fotolist0_.mimeType as mimetype3_2_0_, fotolist0_.nombre as nombre4_2_0_ from Producto_fotoList fotolist0_ where fotolist0_.Producto_id=?
El tipo de datos recibido: nullMatricula:1
Se quiere ver los detalles de null
Hibernate: select producto0_.id as id1_1_0_, producto0_.Descripcion as descripc2_1_0_, producto0_.nombre as nombre3_1_0_, producto0_.precio as precio4_1_0_, fotolist1_.Producto_id as producto1_2_1_, fotolist1_.fotoBase64 as fotoBase2_2_1_, fotolist1_.mimeType as mimetype3_2_1_, fotolist1_.nombre as nombre4_2_1_ from Producto producto0_ left outer join Producto_fotoList fotolist1_ on producto0_.id=fotolist1_.Producto_id where producto0_.id=?
La busqueda ha sidoe existosa!
Hibernate: select producto0_.id as id1_1_0_, producto0_.Descripcion as descripc2_1_0_, producto0_.nombre as nombre3_1_0_, producto0_.precio as precio4_1_0_, fotolist1_.Producto_id as producto1_2_1_, fotolist1_.fotoBase64 as fotoBase2_2_1_, fotolist1_.mimeType as mimetype3_2_1_, fotolist1_.nombre as nombre4_2_1_ from Producto producto0_ left outer join Producto_fotoList fotolist1_ on producto0_.id=fotolist1_.Producto_id where producto0_.id=?
La busqueda ha sidoe existosa!
Hibernate: select * from Comentario  WHERE Comentario.PRODUCTO_ID LIKE ?
Hibernate: select producto0_.id as id1_1_0_, producto0_.Descripcion as descripc2_1_0_, producto0_.nombre as nombre3_1_0_, producto0_.precio as precio4_1_0_, fotolist1_.Producto_id as producto1_2_1_, fotolist1_.fotoBase64 as fotoBase2_2_1_, fotolist1_.mimeType as mimetype3_2_1_, fotolist1_.nombre as nombre4_2_1_ from Producto producto0_ left outer join Producto_fotoList fotolist1_ on producto0_.id=fotolist1_.Producto_id where producto0_.id=?
Hibernate: select comentario0_.Id_Comentario as id_comen1_0_0_, comentario0_.Comentario as comentar2_0_0_, comentario0_.Fecha as fecha3_0_0_, comentario0_.producto_id as producto4_0_0_, producto1_.id as id1_1_1_, producto1_.Descripcion as descripc2_1_1_, producto1_.nombre as nombre3_1_1_, producto1_.precio as precio4_1_1_, fotolist2_.Producto_id as producto1_2_2_, fotolist2_.fotoBase64 as fotoBase2_2_2_, fotolist2_.mimeType as mimetype3_2_2_, fotolist2_.nombre as nombre4_2_2_ from Comentario comentario0_ left outer join Producto producto1_ on comentario0_.producto_id=producto1_.id left outer join Producto_fotoList fotolist2_ on producto1_.id=fotolist2_.Producto_id where comentario0_.Id_Comentario=?
La busqueda ha sidoe existosa!
Hibernate: select comentario0_.Id_Comentario as id_comen1_0_0_, comentario0_.Comentario as comentar2_0_0_, comentario0_.Fecha as fecha3_0_0_, comentario0_.producto_id as producto4_0_0_, producto1_.id as id1_1_1_, producto1_.Descripcion as descripc2_1_1_, producto1_.nombre as nombre3_1_1_, producto1_.precio as precio4_1_1_, fotolist2_.Producto_id as producto1_2_2_, fotolist2_.fotoBase64 as fotoBase2_2_2_, fotolist2_.mimeType as mimetype3_2_2_, fotolist2_.nombre as nombre4_2_2_ from Comentario comentario0_ left outer join Producto producto1_ on comentario0_.producto_id=producto1_.id left outer join Producto_fotoList fotolist2_ on producto1_.id=fotolist2_.Producto_id where comentario0_.Id_Comentario=?
Hibernate: delete from Comentario where Id_Comentario=?
El tipo de datos recibido: nullMatricula:1
Se quiere ver los detalles de null
Hibernate: select producto0_.id as id1_1_0_, producto0_.Descripcion as descripc2_1_0_, producto0_.nombre as nombre3_1_0_, producto0_.precio as precio4_1_0_, fotolist1_.Producto_id as producto1_2_1_, fotolist1_.fotoBase64 as fotoBase2_2_1_, fotolist1_.mimeType as mimetype3_2_1_, fotolist1_.nombre as nombre4_2_1_ from Producto producto0_ left outer join Producto_fotoList fotolist1_ on producto0_.id=fotolist1_.Producto_id where producto0_.id=?
La busqueda ha sidoe existosa!
Hibernate: select producto0_.id as id1_1_0_, producto0_.Descripcion as descripc2_1_0_, producto0_.nombre as nombre3_1_0_, producto0_.precio as precio4_1_0_, fotolist1_.Producto_id as producto1_2_1_, fotolist1_.fotoBase64 as fotoBase2_2_1_, fotolist1_.mimeType as mimetype3_2_1_, fotolist1_.nombre as nombre4_2_1_ from Producto producto0_ left outer join Producto_fotoList fotolist1_ on producto0_.id=fotolist1_.Producto_id where producto0_.id=?
La busqueda ha sidoe existosa!
Hibernate: select * from Comentario  WHERE Comentario.PRODUCTO_ID LIKE ?
Za
Hibernate: select ventasprod0_.id as id1_4_, ventasprod0_.fecha_Compra as fecha_co2_4_, ventasprod0_.nombre_Cliente as nombre_c3_4_ from Venta_producto ventasprod0_
Entrando a before
Hibernate: select producto0_.id as id1_1_, producto0_.Descripcion as descripc2_1_, producto0_.nombre as nombre3_1_, producto0_.precio as precio4_1_ from Producto producto0_
Hibernate: select fotolist0_.Producto_id as producto1_2_0_, fotolist0_.fotoBase64 as fotoBase2_2_0_, fotolist0_.mimeType as mimetype3_2_0_, fotolist0_.nombre as nombre4_2_0_ from Producto_fotoList fotolist0_ where fotolist0_.Producto_id=?
Hibernate: SELECT * FROM Producto limit ?
Hibernate: select fotolist0_.Producto_id as producto1_2_0_, fotolist0_.fotoBase64 as fotoBase2_2_0_, fotolist0_.mimeType as mimetype3_2_0_, fotolist0_.nombre as nombre4_2_0_ from Producto_fotoList fotolist0_ where fotolist0_.Producto_id=?
Hibernate: select count(producto0_.id) as col_0_0_ from Producto producto0_
Hibernate: select producto0_.id as id1_1_0_, producto0_.Descripcion as descripc2_1_0_, producto0_.nombre as nombre3_1_0_, producto0_.precio as precio4_1_0_, fotolist1_.Producto_id as producto1_2_1_, fotolist1_.fotoBase64 as fotoBase2_2_1_, fotolist1_.mimeType as mimetype3_2_1_, fotolist1_.nombre as nombre4_2_1_ from Producto producto0_ left outer join Producto_fotoList fotolist1_ on producto0_.id=fotolist1_.Producto_id where producto0_.id=?
La busqueda ha sidoe existosa!
El producto aun no se ha puesto 1Hibernate: SELECT * FROM Producto limit ?
Hibernate: select fotolist0_.Producto_id as producto1_2_0_, fotolist0_.fotoBase64 as fotoBase2_2_0_, fotolist0_.mimeType as mimetype3_2_0_, fotolist0_.nombre as nombre4_2_0_ from Producto_fotoList fotolist0_ where fotolist0_.Producto_id=?
Hibernate: select count(producto0_.id) as col_0_0_ from Producto producto0_

 Realizando compra*************
Hibernate: select producto0_.id as id1_1_, producto0_.Descripcion as descripc2_1_, producto0_.nombre as nombre3_1_, producto0_.precio as precio4_1_ from Producto producto0_
Hibernate: select fotolist0_.Producto_id as producto1_2_0_, fotolist0_.fotoBase64 as fotoBase2_2_0_, fotolist0_.mimeType as mimetype3_2_0_, fotolist0_.nombre as nombre4_2_0_ from Producto_fotoList fotolist0_ where fotolist0_.Producto_id=?
Hibernate: insert into Venta_producto (id, fecha_Compra, nombre_Cliente) values (null, ?, ?)
Hibernate: insert into VentasProductos_listaProducto (VentasProductos_id, Cantidad, cant_Total, nombre, precio) values (?, ?, ?, ?, ?)
Hibernate: SELECT * FROM Producto limit ?
Hibernate: select fotolist0_.Producto_id as producto1_2_0_, fotolist0_.fotoBase64 as fotoBase2_2_0_, fotolist0_.mimeType as mimetype3_2_0_, fotolist0_.nombre as nombre4_2_0_ from Producto_fotoList fotolist0_ where fotolist0_.Producto_id=?
Hibernate: select count(producto0_.id) as col_0_0_ from Producto producto0_
El tipo de datos recibido: nullMatricula:1
Se quiere ver los detalles de 1
Hibernate: select producto0_.id as id1_1_0_, producto0_.Descripcion as descripc2_1_0_, producto0_.nombre as nombre3_1_0_, producto0_.precio as precio4_1_0_, fotolist1_.Producto_id as producto1_2_1_, fotolist1_.fotoBase64 as fotoBase2_2_1_, fotolist1_.mimeType as mimetype3_2_1_, fotolist1_.nombre as nombre4_2_1_ from Producto producto0_ left outer join Producto_fotoList fotolist1_ on producto0_.id=fotolist1_.Producto_id where producto0_.id=?
La busqueda ha sidoe existosa!
LA CANTIDAD DE IAMGENES ES: 1
Hibernate: select producto0_.id as id1_1_0_, producto0_.Descripcion as descripc2_1_0_, producto0_.nombre as nombre3_1_0_, producto0_.precio as precio4_1_0_, fotolist1_.Producto_id as producto1_2_1_, fotolist1_.fotoBase64 as fotoBase2_2_1_, fotolist1_.mimeType as mimetype3_2_1_, fotolist1_.nombre as nombre4_2_1_ from Producto producto0_ left outer join Producto_fotoList fotolist1_ on producto0_.id=fotolist1_.Producto_id where producto0_.id=?
La busqueda ha sidoe existosa!
Hibernate: select * from Comentario  WHERE Comentario.PRODUCTO_ID LIKE ?
Hibernate: select producto0_.id as id1_1_0_, producto0_.Descripcion as descripc2_1_0_, producto0_.nombre as nombre3_1_0_, producto0_.precio as precio4_1_0_, fotolist1_.Producto_id as producto1_2_1_, fotolist1_.fotoBase64 as fotoBase2_2_1_, fotolist1_.mimeType as mimetype3_2_1_, fotolist1_.nombre as nombre4_2_1_ from Producto producto0_ left outer join Producto_fotoList fotolist1_ on producto0_.id=fotolist1_.Producto_id where producto0_.id=?
La busqueda ha sidoe existosa!
Hibernate: select producto0_.id as id1_1_0_, producto0_.Descripcion as descripc2_1_0_, producto0_.nombre as nombre3_1_0_, producto0_.precio as precio4_1_0_, fotolist1_.Producto_id as producto1_2_1_, fotolist1_.fotoBase64 as fotoBase2_2_1_, fotolist1_.mimeType as mimetype3_2_1_, fotolist1_.nombre as nombre4_2_1_ from Producto producto0_ left outer join Producto_fotoList fotolist1_ on producto0_.id=fotolist1_.Producto_id where producto0_.id=?
La busqueda ha sidoe existosa!
Hibernate: insert into Comentario (Id_Comentario, Comentario, Fecha, producto_id) values (null, ?, ?, ?)
Hibernate: select producto0_.id as id1_1_0_, producto0_.Descripcion as descripc2_1_0_, producto0_.nombre as nombre3_1_0_, producto0_.precio as precio4_1_0_, fotolist1_.Producto_id as producto1_2_1_, fotolist1_.fotoBase64 as fotoBase2_2_1_, fotolist1_.mimeType as mimetype3_2_1_, fotolist1_.nombre as nombre4_2_1_ from Producto producto0_ left outer join Producto_fotoList fotolist1_ on producto0_.id=fotolist1_.Producto_id where producto0_.id=?
La busqueda ha sidoe existosa!
Hibernate: select * from Comentario  WHERE Comentario.PRODUCTO_ID LIKE ?
Hibernate: select producto0_.id as id1_1_0_, producto0_.Descripcion as descripc2_1_0_, producto0_.nombre as nombre3_1_0_, producto0_.precio as precio4_1_0_, fotolist1_.Producto_id as producto1_2_1_, fotolist1_.fotoBase64 as fotoBase2_2_1_, fotolist1_.mimeType as mimetype3_2_1_, fotolist1_.nombre as nombre4_2_1_ from Producto producto0_ left outer join Producto_fotoList fotolist1_ on producto0_.id=fotolist1_.Producto_id where producto0_.id=?
Hibernate: SELECT * FROM Producto limit ?
Hibernate: select fotolist0_.Producto_id as producto1_2_0_, fotolist0_.fotoBase64 as fotoBase2_2_0_, fotolist0_.mimeType as mimetype3_2_0_, fotolist0_.nombre as nombre4_2_0_ from Producto_fotoList fotolist0_ where fotolist0_.Producto_id=?
Hibernate: select count(producto0_.id) as col_0_0_ from Producto producto0_
El tipo de datos recibido: nullMatricula:1
Se quiere ver los detalles de 1
Hibernate: select producto0_.id as id1_1_0_, producto0_.Descripcion as descripc2_1_0_, producto0_.nombre as nombre3_1_0_, producto0_.precio as precio4_1_0_, fotolist1_.Producto_id as producto1_2_1_, fotolist1_.fotoBase64 as fotoBase2_2_1_, fotolist1_.mimeType as mimetype3_2_1_, fotolist1_.nombre as nombre4_2_1_ from Producto producto0_ left outer join Producto_fotoList fotolist1_ on producto0_.id=fotolist1_.Producto_id where producto0_.id=?
La busqueda ha sidoe existosa!
LA CANTIDAD DE IAMGENES ES: 1
Hibernate: select producto0_.id as id1_1_0_, producto0_.Descripcion as descripc2_1_0_, producto0_.nombre as nombre3_1_0_, producto0_.precio as precio4_1_0_, fotolist1_.Producto_id as producto1_2_1_, fotolist1_.fotoBase64 as fotoBase2_2_1_, fotolist1_.mimeType as mimetype3_2_1_, fotolist1_.nombre as nombre4_2_1_ from Producto producto0_ left outer join Producto_fotoList fotolist1_ on producto0_.id=fotolist1_.Producto_id where producto0_.id=?
La busqueda ha sidoe existosa!
Hibernate: select * from Comentario  WHERE Comentario.PRODUCTO_ID LIKE ?
Hibernate: select producto0_.id as id1_1_0_, producto0_.Descripcion as descripc2_1_0_, producto0_.nombre as nombre3_1_0_, producto0_.precio as precio4_1_0_, fotolist1_.Producto_id as producto1_2_1_, fotolist1_.fotoBase64 as fotoBase2_2_1_, fotolist1_.mimeType as mimetype3_2_1_, fotolist1_.nombre as nombre4_2_1_ from Producto producto0_ left outer join Producto_fotoList fotolist1_ on producto0_.id=fotolist1_.Producto_id where producto0_.id=?
El tipo de datos recibido: nullMatricula:9
Se quiere ver los detalles de 9
Hibernate: select producto0_.id as id1_1_0_, producto0_.Descripcion as descripc2_1_0_, producto0_.nombre as nombre3_1_0_, producto0_.precio as precio4_1_0_, fotolist1_.Producto_id as producto1_2_1_, fotolist1_.fotoBase64 as fotoBase2_2_1_, fotolist1_.mimeType as mimetype3_2_1_, fotolist1_.nombre as nombre4_2_1_ from Producto producto0_ left outer join Producto_fotoList fotolist1_ on producto0_.id=fotolist1_.Producto_id where producto0_.id=?
La busqueda ha sidoe existosa!
Hibernate: SELECT * FROM Producto limit ?
Hibernate: select fotolist0_.Producto_id as producto1_2_0_, fotolist0_.fotoBase64 as fotoBase2_2_0_, fotolist0_.mimeType as mimetype3_2_0_, fotolist0_.nombre as nombre4_2_0_ from Producto_fotoList fotolist0_ where fotolist0_.Producto_id=?
Hibernate: select count(producto0_.id) as col_0_0_ from Producto producto0_
Hibernate: SELECT * FROM Producto limit ?
Hibernate: select fotolist0_.Producto_id as producto1_2_0_, fotolist0_.fotoBase64 as fotoBase2_2_0_, fotolist0_.mimeType as mimetype3_2_0_, fotolist0_.nombre as nombre4_2_0_ from Producto_fotoList fotolist0_ where fotolist0_.Producto_id=?
Hibernate: select count(producto0_.id) as col_0_0_ from Producto producto0_
El tipo de datos recibido: nullMatricula:1
Se quiere ver los detalles de 1
Hibernate: select producto0_.id as id1_1_0_, producto0_.Descripcion as descripc2_1_0_, producto0_.nombre as nombre3_1_0_, producto0_.precio as precio4_1_0_, fotolist1_.Producto_id as producto1_2_1_, fotolist1_.fotoBase64 as fotoBase2_2_1_, fotolist1_.mimeType as mimetype3_2_1_, fotolist1_.nombre as nombre4_2_1_ from Producto producto0_ left outer join Producto_fotoList fotolist1_ on producto0_.id=fotolist1_.Producto_id where producto0_.id=?
La busqueda ha sidoe existosa!
LA CANTIDAD DE IAMGENES ES: 1
Hibernate: select producto0_.id as id1_1_0_, producto0_.Descripcion as descripc2_1_0_, producto0_.nombre as nombre3_1_0_, producto0_.precio as precio4_1_0_, fotolist1_.Producto_id as producto1_2_1_, fotolist1_.fotoBase64 as fotoBase2_2_1_, fotolist1_.mimeType as mimetype3_2_1_, fotolist1_.nombre as nombre4_2_1_ from Producto producto0_ left outer join Producto_fotoList fotolist1_ on producto0_.id=fotolist1_.Producto_id where producto0_.id=?
La busqueda ha sidoe existosa!
Hibernate: select * from Comentario  WHERE Comentario.PRODUCTO_ID LIKE ?
Hibernate: select producto0_.id as id1_1_0_, producto0_.Descripcion as descripc2_1_0_, producto0_.nombre as nombre3_1_0_, producto0_.precio as precio4_1_0_, fotolist1_.Producto_id as producto1_2_1_, fotolist1_.fotoBase64 as fotoBase2_2_1_, fotolist1_.mimeType as mimetype3_2_1_, fotolist1_.nombre as nombre4_2_1_ from Producto producto0_ left outer join Producto_fotoList fotolist1_ on producto0_.id=fotolist1_.Producto_id where producto0_.id=?
Hibernate: SELECT * FROM Producto limit ?
Hibernate: select fotolist0_.Producto_id as producto1_2_0_, fotolist0_.fotoBase64 as fotoBase2_2_0_, fotolist0_.mimeType as mimetype3_2_0_, fotolist0_.nombre as nombre4_2_0_ from Producto_fotoList fotolist0_ where fotolist0_.Producto_id=?
Hibernate: select count(producto0_.id) as col_0_0_ from Producto producto0_
Hibernate: SELECT * FROM Producto limit ?
Hibernate: select fotolist0_.Producto_id as producto1_2_0_, fotolist0_.fotoBase64 as fotoBase2_2_0_, fotolist0_.mimeType as mimetype3_2_0_, fotolist0_.nombre as nombre4_2_0_ from Producto_fotoList fotolist0_ where fotolist0_.Producto_id=?
Hibernate: select count(producto0_.id) as col_0_0_ from Producto producto0_
Hibernate: SELECT * FROM Producto limit ?
Hibernate: select fotolist0_.Producto_id as producto1_2_0_, fotolist0_.fotoBase64 as fotoBase2_2_0_, fotolist0_.mimeType as mimetype3_2_0_, fotolist0_.nombre as nombre4_2_0_ from Producto_fotoList fotolist0_ where fotolist0_.Producto_id=?
Hibernate: select count(producto0_.id) as col_0_0_ from Producto producto0_
Hibernate: SELECT * FROM Producto limit ?
Hibernate: select fotolist0_.Producto_id as producto1_2_0_, fotolist0_.fotoBase64 as fotoBase2_2_0_, fotolist0_.mimeType as mimetype3_2_0_, fotolist0_.nombre as nombre4_2_0_ from Producto_fotoList fotolist0_ where fotolist0_.Producto_id=?
Hibernate: select count(producto0_.id) as col_0_0_ from Producto producto0_
El tipo de datos recibido: nullMatricula:1
Se quiere ver los detalles de 1
Hibernate: select producto0_.id as id1_1_0_, producto0_.Descripcion as descripc2_1_0_, producto0_.nombre as nombre3_1_0_, producto0_.precio as precio4_1_0_, fotolist1_.Producto_id as producto1_2_1_, fotolist1_.fotoBase64 as fotoBase2_2_1_, fotolist1_.mimeType as mimetype3_2_1_, fotolist1_.nombre as nombre4_2_1_ from Producto producto0_ left outer join Producto_fotoList fotolist1_ on producto0_.id=fotolist1_.Producto_id where producto0_.id=?
La busqueda ha sidoe existosa!
LA CANTIDAD DE IAMGENES ES: 1
Hibernate: select producto0_.id as id1_1_0_, producto0_.Descripcion as descripc2_1_0_, producto0_.nombre as nombre3_1_0_, producto0_.precio as precio4_1_0_, fotolist1_.Producto_id as producto1_2_1_, fotolist1_.fotoBase64 as fotoBase2_2_1_, fotolist1_.mimeType as mimetype3_2_1_, fotolist1_.nombre as nombre4_2_1_ from Producto producto0_ left outer join Producto_fotoList fotolist1_ on producto0_.id=fotolist1_.Producto_id where producto0_.id=?
La busqueda ha sidoe existosa!
Hibernate: select * from Comentario  WHERE Comentario.PRODUCTO_ID LIKE ?
Hibernate: select producto0_.id as id1_1_0_, producto0_.Descripcion as descripc2_1_0_, producto0_.nombre as nombre3_1_0_, producto0_.precio as precio4_1_0_, fotolist1_.Producto_id as producto1_2_1_, fotolist1_.fotoBase64 as fotoBase2_2_1_, fotolist1_.mimeType as mimetype3_2_1_, fotolist1_.nombre as nombre4_2_1_ from Producto producto0_ left outer join Producto_fotoList fotolist1_ on producto0_.id=fotolist1_.Producto_id where producto0_.id=?
Hibernate: SELECT * FROM Producto limit ?
Hibernate: select fotolist0_.Producto_id as producto1_2_0_, fotolist0_.fotoBase64 as fotoBase2_2_0_, fotolist0_.mimeType as mimetype3_2_0_, fotolist0_.nombre as nombre4_2_0_ from Producto_fotoList fotolist0_ where fotolist0_.Producto_id=?
Hibernate: select count(producto0_.id) as col_0_0_ from Producto producto0_
Hibernate: SELECT * FROM Producto limit ?
Hibernate: select fotolist0_.Producto_id as producto1_2_0_, fotolist0_.fotoBase64 as fotoBase2_2_0_, fotolist0_.mimeType as mimetype3_2_0_, fotolist0_.nombre as nombre4_2_0_ from Producto_fotoList fotolist0_ where fotolist0_.Producto_id=?
Hibernate: select count(producto0_.id) as col_0_0_ from Producto producto0_
Hibernate: SELECT * FROM Producto limit ?
Hibernate: select fotolist0_.Producto_id as producto1_2_0_, fotolist0_.fotoBase64 as fotoBase2_2_0_, fotolist0_.mimeType as mimetype3_2_0_, fotolist0_.nombre as nombre4_2_0_ from Producto_fotoList fotolist0_ where fotolist0_.Producto_id=?
Hibernate: select count(producto0_.id) as col_0_0_ from Producto producto0_
Hibernate: SELECT * FROM Producto limit ?
Hibernate: select fotolist0_.Producto_id as producto1_2_0_, fotolist0_.fotoBase64 as fotoBase2_2_0_, fotolist0_.mimeType as mimetype3_2_0_, fotolist0_.nombre as nombre4_2_0_ from Producto_fotoList fotolist0_ where fotolist0_.Producto_id=?
Hibernate: select count(producto0_.id) as col_0_0_ from Producto producto0_
Hibernate: SELECT * FROM Producto limit ?
Hibernate: select fotolist0_.Producto_id as producto1_2_0_, fotolist0_.fotoBase64 as fotoBase2_2_0_, fotolist0_.mimeType as mimetype3_2_0_, fotolist0_.nombre as nombre4_2_0_ from Producto_fotoList fotolist0_ where fotolist0_.Producto_id=?
Hibernate: select count(producto0_.id) as col_0_0_ from Producto producto0_
Hibernate: SELECT * FROM Producto limit ?
Hibernate: select fotolist0_.Producto_id as producto1_2_0_, fotolist0_.fotoBase64 as fotoBase2_2_0_, fotolist0_.mimeType as mimetype3_2_0_, fotolist0_.nombre as nombre4_2_0_ from Producto_fotoList fotolist0_ where fotolist0_.Producto_id=?
Hibernate: select count(producto0_.id) as col_0_0_ from Producto producto0_
Hibernate: SELECT * FROM Producto limit ?
Hibernate: select fotolist0_.Producto_id as producto1_2_0_, fotolist0_.fotoBase64 as fotoBase2_2_0_, fotolist0_.mimeType as mimetype3_2_0_, fotolist0_.nombre as nombre4_2_0_ from Producto_fotoList fotolist0_ where fotolist0_.Producto_id=?
Hibernate: select count(producto0_.id) as col_0_0_ from Producto producto0_
Hibernate: SELECT * FROM Producto limit ?
Hibernate: select fotolist0_.Producto_id as producto1_2_0_, fotolist0_.fotoBase64 as fotoBase2_2_0_, fotolist0_.mimeType as mimetype3_2_0_, fotolist0_.nombre as nombre4_2_0_ from Producto_fotoList fotolist0_ where fotolist0_.Producto_id=?
Hibernate: select count(producto0_.id) as col_0_0_ from Producto producto0_
Hibernate: SELECT * FROM Producto limit ?
Hibernate: select fotolist0_.Producto_id as producto1_2_0_, fotolist0_.fotoBase64 as fotoBase2_2_0_, fotolist0_.mimeType as mimetype3_2_0_, fotolist0_.nombre as nombre4_2_0_ from Producto_fotoList fotolist0_ where fotolist0_.Producto_id=?
Hibernate: select count(producto0_.id) as col_0_0_ from Producto producto0_
Hibernate: SELECT * FROM Producto limit ? offset ?
Hibernate: select count(producto0_.id) as col_0_0_ from Producto producto0_
Hibernate: SELECT * FROM Producto limit ?
Hibernate: select fotolist0_.Producto_id as producto1_2_0_, fotolist0_.fotoBase64 as fotoBase2_2_0_, fotolist0_.mimeType as mimetype3_2_0_, fotolist0_.nombre as nombre4_2_0_ from Producto_fotoList fotolist0_ where fotolist0_.Producto_id=?
Hibernate: select count(producto0_.id) as col_0_0_ from Producto producto0_
